[15:51:25]
Array
(
    [login] => 
    [password] => 
)
[15:52:10]
Array
(
    [login] => 
    [password] => 
)
[15:53:43]
Array
(
    [login] => 
    [password] => 
)
[15:55:12]
Array
(
    [login] => 
    [password] => 
)
[15:57:29]
Array
(
    [login] => 
    [password] => 
)
[15:58:06]
Array
(
    [login] => 
    [password] => 
)
[16:01:22]
Array
(
    [login] => 
    [password] => 
)
[16:01:42]
Array
(
    [login] => 
    [password] => 
)
[16:02:30]
Array
(
    [login] => 
    [password] => 
)
[16:06:59]
Array
(
    [login] => 
    [password] => 
)
[16:17:52]
Array
(
    [login] => 
    [password] => 
)
[16:18:09]
Array
(
    [login] => 
    [password] => 
)
[16:27:56]
Array
(
    [login] => 
    [password] => 
)
[16:28:43]
Array
(
    [login] => 
    [password] => 
)
[16:28:56]
Array
(
    [login] => 
    [password] => 
)
[16:29:31]
Array
(
    [login] => 
    [password] => 
)
[17:00:46]
Array
(
    [login] => 
    [password] => 
)
[17:04:00]
Array
(
    [login] => 
    [password] => 
)
[17:04:11]
Array
(
    [login] => 
    [password] => 
)
[17:08:37]
Array
(
    [login] => 
    [password] => 
)
[17:08:59]
Array
(
    [login] => 
    [password] => 
)
[17:09:21]
Array
(
    [login] => 
    [password] => 
)
[17:10:07]
Array
(
    [login] => 
    [password] => 
)
[17:10:20]
Array
(
    [login] => 
    [password] => 
)
[17:12:23]
Array
(
    [login] => 
    [password] => 
)
