[16:10:41]
Array
(
    [login] => 
    [password] => 
)
[16:42:50]
Array
(
    [login] => 
    [password] => 
)
[16:43:21]
Array
(
    [login] => 
    [password] => 
)
[16:43:39]
Array
(
    [login] => 
    [password] => 
)
[16:53:24]
Array
(
    [login] => 
    [password] => 
)
[16:53:53]
Array
(
    [login] => 
    [password] => 
)
[16:55:02]
Array
(
    [login] => 
    [password] => 
)
[17:01:31]
Array
(
    [login] => 
    [password] => 
)
[17:05:34]
Array
(
    [login] => 
    [password] => 
)
[17:09:13]
Array
(
    [login] => 
    [password] => 
)
[17:09:34]
Array
(
    [login] => 
    [password] => 
)
