[25-Jan-2023 18:03:47 Europe/Tallinn] PHP Notice:  Undefined variable: aasdasdas in /home/hosting/koppee.ee/htdocs/admin/index.php on line 23
[25-Jan-2023 18:03:47 Europe/Tallinn] PHP Stack trace:
[25-Jan-2023 18:03:47 Europe/Tallinn] PHP   1. {main}() /home/hosting/koppee.ee/htdocs/admin/index.php:0
[25-Jan-2023 18:28:12 Europe/Tallinn] PHP Warning:  include(tpl/index_tpl.php): failed to open stream: No such file or directory in /home/hosting/koppee.ee/htdocs/admin/index.php on line 68
[25-Jan-2023 18:28:12 Europe/Tallinn] PHP Stack trace:
[25-Jan-2023 18:28:12 Europe/Tallinn] PHP   1. {main}() /home/hosting/koppee.ee/htdocs/admin/index.php:0
[25-Jan-2023 18:28:12 Europe/Tallinn] PHP Warning:  include(): Failed opening 'tpl/index_tpl.php' for inclusion (include_path='.:/usr/local/lib/php') in /home/hosting/koppee.ee/htdocs/admin/index.php on line 68
[25-Jan-2023 18:28:12 Europe/Tallinn] PHP Stack trace:
[25-Jan-2023 18:28:12 Europe/Tallinn] PHP   1. {main}() /home/hosting/koppee.ee/htdocs/admin/index.php:0
[25-Jan-2023 18:28:17 Europe/Tallinn] PHP Warning:  include(tpl/index_tpl.php): failed to open stream: No such file or directory in /home/hosting/koppee.ee/htdocs/admin/index.php on line 68
[25-Jan-2023 18:28:17 Europe/Tallinn] PHP Stack trace:
[25-Jan-2023 18:28:17 Europe/Tallinn] PHP   1. {main}() /home/hosting/koppee.ee/htdocs/admin/index.php:0
[25-Jan-2023 18:28:17 Europe/Tallinn] PHP Warning:  include(): Failed opening 'tpl/index_tpl.php' for inclusion (include_path='.:/usr/local/lib/php') in /home/hosting/koppee.ee/htdocs/admin/index.php on line 68
[25-Jan-2023 18:28:17 Europe/Tallinn] PHP Stack trace:
[25-Jan-2023 18:28:17 Europe/Tallinn] PHP   1. {main}() /home/hosting/koppee.ee/htdocs/admin/index.php:0
[25-Jan-2023 18:33:24 Europe/Tallinn] PHP Notice:  Undefined index: body in /home/hosting/koppee.ee/htdocs/admin/tpl/index_tpl.php on line 2
[25-Jan-2023 18:33:24 Europe/Tallinn] PHP Stack trace:
[25-Jan-2023 18:33:24 Europe/Tallinn] PHP   1. {main}() /home/hosting/koppee.ee/htdocs/admin/index.php:0
[25-Jan-2023 18:33:24 Europe/Tallinn] PHP   2. include() /home/hosting/koppee.ee/htdocs/admin/index.php:79
[25-Jan-2023 18:33:36 Europe/Tallinn] PHP Notice:  Undefined index: body in /home/hosting/koppee.ee/htdocs/admin/tpl/index_tpl.php on line 2
[25-Jan-2023 18:33:36 Europe/Tallinn] PHP Stack trace:
[25-Jan-2023 18:33:36 Europe/Tallinn] PHP   1. {main}() /home/hosting/koppee.ee/htdocs/admin/index.php:0
[25-Jan-2023 18:33:36 Europe/Tallinn] PHP   2. include() /home/hosting/koppee.ee/htdocs/admin/index.php:79
[25-Jan-2023 18:34:11 Europe/Tallinn] PHP Notice:  Undefined index: body in /home/hosting/koppee.ee/htdocs/admin/tpl/index_tpl.php on line 2
[25-Jan-2023 18:34:11 Europe/Tallinn] PHP Stack trace:
[25-Jan-2023 18:34:11 Europe/Tallinn] PHP   1. {main}() /home/hosting/koppee.ee/htdocs/admin/index.php:0
[25-Jan-2023 18:34:11 Europe/Tallinn] PHP   2. include() /home/hosting/koppee.ee/htdocs/admin/index.php:81
[25-Jan-2023 19:02:28 Europe/Tallinn] PHP Notice:  Undefined index: body in /home/hosting/koppee.ee/htdocs/admin/tpl/index_tpl.php on line 11
[25-Jan-2023 19:02:28 Europe/Tallinn] PHP Stack trace:
[25-Jan-2023 19:02:28 Europe/Tallinn] PHP   1. {main}() /home/hosting/koppee.ee/htdocs/admin/index.php:0
[25-Jan-2023 19:02:28 Europe/Tallinn] PHP   2. include() /home/hosting/koppee.ee/htdocs/admin/index.php:60
[25-Jan-2023 19:07:31 Europe/Tallinn] PHP Notice:  Undefined index: body in /home/hosting/koppee.ee/htdocs/admin/tpl/index_tpl.php on line 9
[25-Jan-2023 19:07:31 Europe/Tallinn] PHP Stack trace:
[25-Jan-2023 19:07:31 Europe/Tallinn] PHP   1. {main}() /home/hosting/koppee.ee/htdocs/admin/index.php:0
[25-Jan-2023 19:07:31 Europe/Tallinn] PHP   2. include() /home/hosting/koppee.ee/htdocs/admin/index.php:60
[25-Jan-2023 19:12:01 Europe/Tallinn] PHP Notice:  Undefined index: body in /home/hosting/koppee.ee/htdocs/admin/tpl/index_tpl.php on line 9
[25-Jan-2023 19:12:01 Europe/Tallinn] PHP Stack trace:
[25-Jan-2023 19:12:01 Europe/Tallinn] PHP   1. {main}() /home/hosting/koppee.ee/htdocs/admin/index.php:0
[25-Jan-2023 19:12:01 Europe/Tallinn] PHP   2. include() /home/hosting/koppee.ee/htdocs/admin/index.php:60
